Unity Player [version: Unity 5.3.4f1_fdbb5133b820]

AudioPluginOculusSpatializer.dll caused an Access Violation (0xc0000005)
  in module AudioPluginOculusSpatializer.dll at 0023:0fb6acca.

Error occurred at 2016-03-28_100142.
C:\Users\Andrei\Documents\GitHub\Tomb-of-Terror\test_build.exe, run by Andrei.
76% memory in use.
0 MB physical memory [1914 MB free].
0 MB paging file [0 MB free].
0 MB user address space [3361 MB free].
Read from location 23689370 caused an access violation.

Context:
EDI:    0x1ce38880  ESI: 0x23689370  EAX:   0x2368a370
EBX:    0xfffffed0  ECX: 0x00001000  EDX:   0x00001000
EIP:    0x0fb6acca  EBP: 0x0e88f6a8  SegCs: 0x00000023
EFlags: 0x00010283  ESP: 0x0e88f67c  SegSs: 0x0000002b

Bytes at CS:EIP:
f3 a4 e9 17 03 00 00 81 f9 80 00 00 00 0f 82 ce 

Stack:
0x0e88f67c: 11bf6410 00000400 0fb5d874 1ce38880 .d......t.......
0x0e88f68c: 23689370 00001000 00000000 116c3df8 p.h#.........=l.
0x0e88f69c: fffffed0 00001000 00000400 0e88f6c4 ................
0x0e88f6ac: 0fb5fd54 23689370 00000001 18ed5080 T...p.h#.....P..
0x0e88f6bc: 1d16a050 00000400 0e88f71c 0fb618c9 P...............
0x0e88f6cc: 11bf6410 23689370 18ed5080 1d16a050 .d..p.h#.P..P...
0x0e88f6dc: 00000400 b77a9fb9 116c3ecc 00000000 ......z..>l.....
0x0e88f6ec: 00000000 80000000 00000000 00000000 ................
0x0e88f6fc: 3f800000 00000000 3f800000 80000000 ...?.......?....
0x0e88f70c: 42a76b7c c3a63259 c32e0814 11d5f8e0 |k.BY2..........
0x0e88f71c: 0e88f754 0fb58fe6 11bf6410 00000000 T........d......
0x0e88f72c: 00000000 0e88f74c 18ed5080 1d16a050 ....L....P..P...
0x0e88f73c: 23689370 126549d0 116c3df8 0e88fc00 p.h#.Ie..=l.....
0x0e88f74c: 00000002 00000000 0e88f780 0fb58e5e ............^...
0x0e88f75c: 116c3df8 00000000 00000000 0e88f7d4 .=l.............
0x0e88f76c: 18ed5080 1d16a050 23689370 0fbfa018 .P..P...p.h#....
0x0e88f77c: 126549d0 0e88f7a8 0fb535a9 116c3df8 .Ie......5...=l.
0x0e88f78c: 00000000 00000000 0e88f7d4 126549d0 .............Ie.
0x0e88f79c: 23689370 116dfd38 00000400 0e88f7e4 p.h#8.m.........
0x0e88f7ac: 0fb55e02 0fbfa018 00000000 0e88f7d4 .^..............
0x0e88f7bc: 23689370 126549d0 3f800000 3f800000 p.h#.Ie....?...?
0x0e88f7cc: 0fb5119a 00000400 00000000 42a76b7c ............|k.B
0x0e88f7dc: 00000000 116dfd38 0e88f814 007614db ....8.m.......v.
0x0e88f7ec: 033e9590 03b57e01 126549d0 00000400 ..>..~...Ie.....
0x0e88f7fc: 432e0814 c3a63259 04205bd8 03b57ef0 ...CY2...[ ..~..
0x0e88f80c: 0e88fcc0 033e9590 0e88f860 00ecc0e2 ......>.`.......
0x0e88f81c: 04205bf4 03b57ef0 126549d0 00000400 .[ ..~...Ie.....
0x0e88f82c: 00000002 00000002 03b67054 04205d28 ........Tp..(] .
0x0e88f83c: 0e88fcc0 00000000 00000000 00000000 ................
0x0e88f84c: 04205c04 00000000 00000000 00000000 .\ .............
0x0e88f85c: 00000000 0e88f8ac 00ecbe09 0e88fcbc ................
0x0e88f86c: 0e88fcc0 0e88fd20 00000002 00000002 .... ...........
0x0e88f87c: 000002cd 03b66f58 04205138 0e88fcc0 ....Xo..8Q .....
0x0e88f88c: 00000000 00000000 00000000 03b6705c ............\p..
0x0e88f89c: 00000000 00000000 00000000 00000000 ................
0x0e88f8ac: 0e88f8f8 00ecbe09 0e88fcbc 0e88fcc0 ................
0x0e88f8bc: 0e88fd20 00000002 00000002 000002cd  ...............
0x0e88f8cc: 03b66e5c 04128978 0e88fcc0 00000000 \n..x...........
0x0e88f8dc: 00000000 00000000 03b66f60 00000000 ........`o......
0x0e88f8ec: 00000000 00000000 00000000 0e88f944 ............D...
0x0e88f8fc: 00ecbe09 0e88fcbc 0e88fcc0 0e88fd20 ............ ...
0x0e88f90c: 00000002 00000002 000002cd 03b67b28 ............({..
0x0e88f91c: 04128bb8 0e88fcc0 00000000 00000000 ................
0x0e88f92c: 00000000 03b66e64 00000000 00000000 ....dn..........
0x0e88f93c: 00000000 00000000 0e88f990 00ecbe09 ................
0x0e88f94c: 0e88fcbc 0e88fcc0 0e88fd20 00000002 ........ .......
0x0e88f95c: 00000002 000002cd 03b67d20 041c86e8 ........ }......
0x0e88f96c: 0e88fcc0 00000000 00000000 00000000 ................
0x0e88f97c: 03b67b30 00000000 00000000 00000000 0{..............
0x0e88f98c: 006651dc 0e88f9dc 00ecbe09 0e88fcbc .Qf.............
0x0e88f99c: 0e88fcc0 0e88fd20 00000002 00000002 .... ...........
0x0e88f9ac: 000002cd 03b67444 041c8928 0e88fcc0 ....Dt..(.......
0x0e88f9bc: 005a4d57 01267b38 00423d2b 03b67d28 WMZ.8{&.+=B.(}..
0x0e88f9cc: 00000000 00000000 00000000 00267b38 ............8{&.
0x0e88f9dc: 0e88fa28 00ecbe09 0e88fcbc 0e88fcc0 (...............
0x0e88f9ec: 0e88fd20 00000002 00000002 000002cd  ...............
0x0e88f9fc: 03b67348 04128d08 0e88fcc0 00008018 Hs..............
0x0e88fa0c: 00000010 00008018 03b6744c 00000000 ........Lt......
0x0e88fa1c: 00000000 00000000 00008018 0e88fa74 ............t...
0x0e88fa2c: 00ecbe09 0e88fcbc 0e88fcc0 0e88fd20 ............ ...
0x0e88fa3c: 00000002 00000002 000002cd 03b6724c ............Lr..
0x0e88fa4c: 041334e8 0e88fcc0 0e88fa74 004230c2 .4......t....0B.
0x0e88fa5c: 00008018 03b67350 00000000 00000000 ....Ps..........
0x0e88fa6c: 00000000 000000b7 0e88fac0 00ecbe09 ................
0x0e88fa7c: 0e88fcbc 0e88fcc0 0e88fd20 00000002 ........ .......
0x0e88fa8c: 00000002 000002cd 03b67834 04130db8 ........4x......
0x0e88fa9c: 0e88fcc0 00eb0d49 012b00b4 0000000f ....I.....+.....
0x0e88faac: 03b67254 00000000 00000000 00000000 Tr..............
0x0e88fabc: 00200000 0e88fb0c 00ecbe09 0e88fcbc .. .............
0x0e88facc: 0e88fcc0 0e88fd20 00000002 00000002 .... ...........
0x0e88fadc: 000002cd 03b67930 04130638 0e88fcc0 ....0y..8.......
0x0e88faec: 00200000 012b00a8 00008018 03b6783c .. ...+.....<x..
0x0e88fafc: 00000000 00000000 00000000 002b00a8 ..............+.
0x0e88fb0c: 0e88fb58 00ecbe09 0e88fcbc 0e88fcc0 X...............
0x0e88fb1c: 0e88fd20 00000002 00000002 000002cd  ...............
0x0e88fb2c: 03b67540 04130aa8 0e88fcc0 00000000 @u..............
0x0e88fb3c: 00000000 00000000 03b67938 00000000 ........8y......
0x0e88fb4c: 00000000 00000000 0088fcc4 0e88fba4 ................
0x0e88fb5c: 00ecbe09 0e88fcbc 0e88fcc0 0e88fd20 ............ ...
0x0e88fb6c: 00000002 00000002 000002cd 03b67e1c .............~..
0x0e88fb7c: 04130bf8 0e88fcc0 00000000 00000000 ................
0x0e88fb8c: 00000000 03b67548 00000000 00000000 ....Hu..........
0x0e88fb9c: 00000000 00000000 0e88fbf0 00ecbe09 ................
0x0e88fbac: 0e88fcbc 0e88fcc0 0e88fd20 00000002 ........ .......
0x0e88fbbc: 00000002 000002cd 03b67f18 04130478 ............x...
0x0e88fbcc: 0e88fcc0 00eb0e6a 00008010 0116fae8 ....j...........
0x0e88fbdc: 03b67e24 00000000 00000000 00000000 $~..............
0x0e88fbec: 00ea2b6a 0e88fc3c 00ecbe09 0e88fcbc j+..<...........
0x0e88fbfc: 0e88fcc0 0e88fd20 00000002 00000002 .... ...........
0x0e88fc0c: 000002cd 03b68014 04130328 0e88fcc0 ........(.......
0x0e88fc1c: 04205d28 0e88fc38 00ea2bab 03b67f20 (] .8....+.. ...
0x0e88fc2c: 00000000 00000000 00000000 0088fc50 ............P...
0x0e88fc3c: 0e88fc88 00ecbe09 0e88fcbc 0e88fcc0 ................
0x0e88fc4c: 0e88fd20 00000002 00000002 000002cd  ...............
0x0e88fc5c: 04130328 00000002 0e88fd20 00000000 (....... .......
0x0e88fc6c: 033763f8 ffffff00 03b6801c 00000000 .c7.............
0x0e88fc7c: 00000000 00000000 0088fd2c 0e88fcc4 ........,.......
0x0e88fc8c: 00f13228 0e88fcbc 0e88fcc0 0e88fd20 (2.......... ...
0x0e88fc9c: 00000002 00000002 000002cd 03b45168 ............hQ..
0x0e88fcac: 0e650050 00000004 00000000 00000000 P.e.............
0x0e88fcbc: 00000000 00000002 0e88fd38 00ecad00 ........8.......
0x0e88fccc: 0e650050 0e88fd20 00000002 00000002 P.e. ...........
0x0e88fcdc: 000002cd 3664fd33 00000002 03b452b8 ....3.d6.....R..
0x0e88fcec: 00000000 03376458 0e88fd01 03376438 ....Xd7.....8d7.
0x0e88fcfc: 00000001 00000002 04130328 00f156ae ........(....V..
0x0e88fd0c: 00000002 00001000 0000bb80 03376458 ............Xd7.
0x0e88fd1c: 03376438 00000400 0e88fd7c 00000000 8d7.....|.......
0x0e88fd2c: 0e88fdb0 00ff08f0 00000001 0e88fd7c ............|...
0x0e88fd3c: 00ece819 0e650050 00000400 00fd25f3 ....P.e......%..
0x0e88fd4c: 03b452b8 01af90a0 00000400 00000000 .R..............
0x0e88fd5c: 00000000 03b452b8 0e650050 00000002 .....R..P.e.....
0x0e88fd6c: 00000015 00000018 00001000 00000002 ................
0x0e88fd7c: 0e88fd88 00ec4d5d 01af90a0 0e88fdc0 ....]M..........
0x0e88fd8c: 00fd25cd 03b452b8 3664fdcb 00fd25f3 .%...R....d6.%..
0x0e88fd9c: 01af90a0 01af90a0 c0000005 0e88fd94 ................
0x0e88fdac: 0e88f0ac 0e88fe18 009aece0 39f0e0f3 ...............9
0x0e88fdbc: 00000000 0e88fdcc 00fd2657 00fd25f3 ........W&...%..
0x0e88fdcc: 0e88fde0 76fd38f4 01af90a0 76fd38d0 .....8.v.....8.v
0x0e88fddc: c7a08d50 0e88fe28 77525de3 01af90a0 P...(....]Rw....
0x0e88fdec: dda81d85 00000000 00000000 01af90a0 ................
0x0e88fdfc: c0000005 7474f380 00000000 0e88f08c ......tt........
0x0e88fe0c: dda81d85 0e88fdec 0e88f08c 0e88fe30 ............0...
0x0e88fe1c: 7753ed50 a47bd055 00000000 0e88fe38 P.SwU.{.....8...
0x0e88fe2c: 77525dae ffffffff 7754b7ec 00000000 .]Rw......Tw....
0x0e88fe3c: 00000000 00fd25f3 01af90a0 00000000 .....%..........
0x0e88fe4c: 00000000 00000000 00000000 00000000 ................
0x0e88fe5c: 00000000 00000000 00000000 00000000 ................
0x0e88fe6c: 00000000 00000000 00000000 00000000 ................
0x0e88fe7c: 00000000 00000000 00000000 00000000 ................
0x0e88fe8c: 00000000 00000000 00000000 00000000 ................
0x0e88fe9c: 00000000 00000000 00000000 00000000 ................
0x0e88feac: 00000000 00000000 00000000 00000000 ................
0x0e88febc: 00000000 00000000 00000000 00000000 ................
0x0e88fecc: 00000000 00000000 00000000 00000000 ................
0x0e88fedc: 00000000 00000000 00000000 00000000 ................
0x0e88feec: 00000000 00000000 00000000 00000000 ................
0x0e88fefc: 00000000 00000000 00000000 00000000 ................
0x0e88ff0c: 00000000 00000000 00000000 00000000 ................
0x0e88ff1c: 00000000 00000000 00000000 00000000 ................
0x0e88ff2c: 00000000 00000000 00000000 00000000 ................
0x0e88ff3c: 00000000 00000000 00000000 00000000 ................
0x0e88ff4c: 00000000 00000000 00000000 00000000 ................
0x0e88ff5c: 00000000 00000000 00000000 00000000 ................
0x0e88ff6c: 00000000 00000000 00000000 00000000 ................
0x0e88ff7c: 00000000 00000000 00000000 00000000 ................
0x0e88ff8c: 00000000 00000000 00000000 00000000 ................
0x0e88ff9c: 00000000 00000000 00000000 00000000 ................
0x0e88ffac: 00000000 00000000 00000000 00000000 ................
0x0e88ffbc: 00000000 00000000 00000000 00000000 ................
0x0e88ffcc: 00000000 00000000 00000000 00000000 ................
0x0e88ffdc: 00000000 00000000 00000000 00000000 ................
0x0e88ffec: 00000000 00000000 00000000 00000000 ................
0x0e88fffc: 00000000                            ....

Module 1
C:\Users\Andrei\Documents\GitHub\Tomb-of-Terror\test_build.exe
Image Base: 0x00330000  Image Size: 0x010ca000
File Size:  16793088    File Time:  2016-03-11_011550
Version:
   Company:    
   Product:    
   FileDesc:   
   FileVer:    5.3.4.47953
   ProdVer:    5.3.4.47953

Module 2
C:\WINDOWS\SYSTEM32\LibOVRRT32_0_8.dll
Image Base: 0x05cc0000  Image Size: 0x000eb000
File Size:  767624      File Time:  2015-10-21_190412
Version:
   Company:    Oculus VR
   Product:    LibOVRRT
   FileDesc:   117061-public TCID:641907
   FileVer:    8.0.0.51525
   ProdVer:    8.0.0.51525

Module 3
C:\WINDOWS\system32\nvspcap.dll
Image Base: 0x10000000  Image Size: 0x0015c000
File Size:  1423304     File Time:  2015-10-12_040502
Version:
   Company:    NVIDIA Corporation
   Product:    NVIDIA GeForce Experience
   FileDesc:   NVIDIA Capture Server Proxy
   FileVer:    2.5.15.54
   ProdVer:    2.5.15.54

Module 4
C:\WINDOWS\SYSTEM32\nvwgf2um.dll
Image Base: 0x06d90000  Image Size: 0x00f1f000
File Size:  15892904    File Time:  2015-07-13_214508
Version:
   Company:    NVIDIA Corporation
   Product:    NVIDIA D3D10 drivers
   FileDesc:   NVIDIA D3D10 Driver, Version 353.54 
   FileVer:    10.18.13.5354
   ProdVer:    10.18.13.5354

Module 5
C:\WINDOWS\system32\nvapi.dll
Image Base: 0x07cb0000  Image Size: 0x002f8000
File Size:  2955832     File Time:  2015-07-13_214508
Version:
   Company:    NVIDIA Corporation
   Product:    NVIDIA Windows drivers
   FileDesc:   NVIDIA NVAPI Library, Version 353.54 
   FileVer:    10.18.13.5354
   ProdVer:    10.18.13.5354

Module 6
C:\WINDOWS\SYSTEM32\xinput1_3.dll
Image Base: 0x00400000  Image Size: 0x00016000
File Size:  81768       File Time:  2007-04-04_165342
Version:
   Company:    Microsoft Corporation
   Product:    Microsoft® DirectX for Windows®
   FileDesc:   Microsoft Common Controller API
   FileVer:    9.18.944.0
   ProdVer:    9.18.944.0

Module 7
C:\Users\Andrei\Documents\GitHub\Tomb-of-Terror\test_build_Data\Plugins\OVRPlugin.dll
Image Base: 0x0fa50000  Image Size: 0x00052000
File Size:  311296      File Time:  2016-03-11_010546
Version:
   Company:    
   Product:    
   FileDesc:   
   FileVer:    0.0.0.0
   ProdVer:    0.0.0.0

Module 8
C:\Users\Andrei\Documents\GitHub\Tomb-of-Terror\test_build_Data\Plugins\AudioPluginOculusSpatializer.dll
Image Base: 0x0fb50000  Image Size: 0x0020a000
File Size:  1484200     File Time:  2016-01-28_232556
Version:
   Company:    
   Product:    
   FileDesc:   
   FileVer:    0.0.0.0
   ProdVer:    0.0.0.0

Module 9
C:\Users\Andrei\Documents\GitHub\Tomb-of-Terror\test_build_Data\Mono\mono.dll
Image Base: 0x10000000  Image Size: 0x00230000
File Size:  2114008     File Time:  2016-03-11_012158
Version:
   Company:    Unity Technologies
   Product:    libmono
   FileDesc:   Unity Technologies fork of mono runtime
   FileVer:    1.0.0.1
   ProdVer:    1.0.0.1

Module 10
C:\WINDOWS\SYSTEM32\MSVCR120.dll
Image Base: 0x25150000  Image Size: 0x000ee000
File Size:  970912      File Time:  2013-10-05_033822
Version:
   Company:    Microsoft Corporation
   Product:    Microsoft® Visual Studio® 2013
   FileDesc:   Microsoft® C Runtime Library
   FileVer:    12.0.21005.1
   ProdVer:    12.0.21005.1

Module 11
C:\WINDOWS\SYSTEM32\MSVCP120.dll
Image Base: 0x25240000  Image Size: 0x00071000
File Size:  455328      File Time:  2013-10-05_033822
Version:
   Company:    Microsoft Corporation
   Product:    Microsoft® Visual Studio® 2013
   FileDesc:   Microsoft® C Runtime Library
   FileVer:    12.0.21005.1
   ProdVer:    12.0.21005.1

Module 12
C:\WINDOWS\SYSTEM32\dsound.dll
Image Base: 0x54240000  Image Size: 0x00086000
File Size:  527360      File Time:  2015-10-30_081830
Version:
   Company:    Microsoft Corporation
   Product:    Microsoft® Windows® Operating System
   FileDesc:   DirectSound
   FileVer:    10.0.10586.0
   ProdVer:    10.0.10586.0

Module 13
C:\WINDOWS\SYSTEM32\DDRAW.dll
Image Base: 0x54ee0000  Image Size: 0x000ee000
File Size:  551424      File Time:  2015-10-30_081840
Version:
   Company:    Microsoft Corporation
   Product:    Microsoft® Windows® Operating System
   FileDesc:   Microsoft DirectDraw
   FileVer:    10.0.10586.0
   ProdVer:    10.0.10586.0

Module 14
C:\WINDOWS\SYSTEM32\wdmaud.drv
Image Base: 0x63d70000  Image Size: 0x00038000
File Size:  205824      File Time:  2015-10-30_081830
Version:
   Company:    Microsoft Corporation
   Product:    Microsoft® Windows® Operating System
   FileDesc:   Winmm  audio system driver
   FileVer:    10.0.10586.0
   ProdVer:    10.0.10586.0

Module 15
C:\WINDOWS\SYSTEM32\ksuser.dll
Image Base: 0x67c10000  Image Size: 0x00007000
File Size:  19648       File Time:  2015-10-30_081830
Version:
   Company:    Microsoft Corporation
   Product:    Microsoft® Windows® Operating System
   FileDesc:   User CSA Library
   FileVer:    10.0.10586.0
   ProdVer:    10.0.10586.0

Module 16
C:\WINDOWS\SYSTEM32\OPENGL32.dll
Image Base: 0x69040000  Image Size: 0x000e0000
File Size:  787456      File Time:  2015-10-30_081840
Version:
   Company:    Microsoft Corporation
   Product:    Microsoft® Windows® Operating System
   FileDesc:   OpenGL Client DLL
   FileVer:    10.0.10586.0
   ProdVer:    10.0.10586.0

Module 17
C:\WINDOWS\SYSTEM32\d3d11.dll
Image Base: 0x6c910000  Image Size: 0x0021a000
File Size:  2186864     File Time:  2016-02-23_095602
Version:
   Company:    Microsoft Corporation
   Product:    Microsoft® Windows® Operating System
   FileDesc:   Direct3D 11 Runtime
   FileVer:    10.0.10586.122
   ProdVer:    10.0.10586.122

Module 18
C:\WINDOWS\SYSTEM32\dxgi.dll
Image Base: 0x6cb30000  Image Size: 0x00083000
File Size:  525288      File Time:  2015-10-30_081832
Version:
   Company:    Microsoft Corporation
   Product:    Microsoft® Windows® Operating System
   FileDesc:   DirectX Graphics Infrastructure
   FileVer:    10.0.10586.0
   ProdVer:    10.0.10586.0

Module 19
C:\WINDOWS\SYSTEM32\HID.DLL
Image Base: 0x6d140000  Image Size: 0x0000a000
File Size:  25088       File Time:  2015-10-30_081826
Version:
   Company:    Microsoft Corporation
   Product:    Microsoft® Windows® Operating System
   FileDesc:   HID User Library
   FileVer:    10.0.10586.0
   ProdVer:    10.0.10586.0

Module 20
C:\Users\Andrei\Documents\GitHub\Tomb-of-Terror\test_build_Data\Plugins\OVRGamepad.dll
Image Base: 0x6d260000  Image Size: 0x00007000
File Size:  10752       File Time:  2016-03-23_023334
Version:
   Company:    
   Product:    
   FileDesc:   
   FileVer:    0.0.0.0
   ProdVer:    0.0.0.0

Module 21
C:\WINDOWS\SYSTEM32\midimap.dll
Image Base: 0x6d270000  Image Size: 0x00008000
File Size:  18944       File Time:  2015-10-30_081830
Version:
   Company:    Microsoft Corporation
   Product:    Microsoft® Windows® Operating System
   FileDesc:   Microsoft MIDI Mapper
   FileVer:    10.0.10586.0
   ProdVer:    10.0.10586.0

Module 22
C:\WINDOWS\SYSTEM32\msacm32.drv
Image Base: 0x6d280000  Image Size: 0x00009000
File Size:  24064       File Time:  2015-10-30_081830
Version:
   Company:    Microsoft Corporation
   Product:    Microsoft® Windows® Operating System
   FileDesc:   Microsoft Sound Mapper
   FileVer:    10.0.10586.0
   ProdVer:    10.0.10586.0

Module 23
C:\WINDOWS\SYSTEM32\GLU32.dll
Image Base: 0x6d290000  Image Size: 0x00025000
File Size:  141312      File Time:  2015-10-30_081840
Version:
   Company:    Microsoft Corporation
   Product:    Microsoft® Windows® Operating System
   FileDesc:   OpenGL Utility Library DLL
   FileVer:    10.0.10586.0
   ProdVer:    10.0.10586.0

Module 24
C:\WINDOWS\SYSTEM32\DCIMAN32.dll
Image Base: 0x6d680000  Image Size: 0x00007000
File Size:  11776       File Time:  2015-11-18_182338
Version:
   Company:    Microsoft Corporation
   Product:    Microsoft® Windows® Operating System
   FileDesc:   DCI Manager
   FileVer:    10.0.10586.3
   ProdVer:    10.0.10586.3

Module 25
C:\WINDOWS\SYSTEM32\AVRT.dll
Image Base: 0x6df80000  Image Size: 0x00009000
File Size:  28416       File Time:  2015-10-30_081830
Version:
   Company:    Microsoft Corporation
   Product:    Microsoft® Windows® Operating System
   FileDesc:   Multimedia Realtime Runtime
   FileVer:    10.0.10586.0
   ProdVer:    10.0.10586.0

Module 26
C:\WINDOWS\WinSxS\x86_microsoft.windows.common-controls_6595b64144ccf1df_6.0.10586.0_none_d3c2e4e965da4528\comctl32.dll
Image Base: 0x6fa50000  Image Size: 0x0020f000
File Size:  2142048     File Time:  2015-10-30_081838
Version:
   Company:    Microsoft Corporation
   Product:    Microsoft® Windows® Operating System
   FileDesc:   User Experience Controls Library
   FileVer:    6.10.10586.0
   ProdVer:    10.0.10586.0

Module 27
C:\WINDOWS\SYSTEM32\AUDIOSES.DLL
Image Base: 0x70090000  Image Size: 0x00068000
File Size:  405568      File Time:  2016-01-16_072000
Version:
   Company:    Microsoft Corporation
   Product:    Microsoft® Windows® Operating System
   FileDesc:   Audio Session
   FileVer:    10.0.10586.71
   ProdVer:    10.0.10586.71

Module 28
C:\WINDOWS\SYSTEM32\PROPSYS.dll
Image Base: 0x70100000  Image Size: 0x0014b000
File Size:  1355344     File Time:  2015-10-30_081832
Version:
   Company:    Microsoft Corporation
   Product:    Windows® Search
   FileDesc:   Microsoft Property System
   FileVer:    7.0.10586.0
   ProdVer:    7.0.10586.0

Module 29
C:\WINDOWS\SYSTEM32\MMDevAPI.DLL
Image Base: 0x70250000  Image Size: 0x00055000
File Size:  339344      File Time:  2015-10-30_081830
Version:
   Company:    Microsoft Corporation
   Product:    Microsoft® Windows® Operating System
   FileDesc:   MMDevice API
   FileVer:    10.0.10586.0
   ProdVer:    10.0.10586.0

Module 30
C:\WINDOWS\SYSTEM32\edputil.dll
Image Base: 0x70330000  Image Size: 0x00049000
File Size:  279040      File Time:  2015-10-30_081828
Version:
   Company:    Microsoft Corporation
   Product:    Microsoft® Windows® Operating System
   FileDesc:   EDP util
   FileVer:    10.0.10586.0
   ProdVer:    10.0.10586.0

Module 31
C:\WINDOWS\SYSTEM32\wintypes.dll
Image Base: 0x70380000  Image Size: 0x000c8000
File Size:  820704      File Time:  2016-01-27_065750
Version:
   Company:    Microsoft Corporation
   Product:    Microsoft® Windows® Operating System
   FileDesc:   Windows Base Types DLL
   FileVer:    10.0.10586.103
   ProdVer:    10.0.10586.103

Module 32
C:\WINDOWS\SYSTEM32\efswrt.dll
Image Base: 0x70450000  Image Size: 0x00071000
File Size:  442880      File Time:  2015-10-30_081826
Version:
   Company:    Microsoft Corporation
   Product:    Microsoft® Windows® Operating System
   FileDesc:   Storage Protection Windows Runtime DLL
   FileVer:    10.0.10586.0
   ProdVer:    10.0.10586.0

Module 33
C:\WINDOWS\SYSTEM32\DNSAPI.dll
Image Base: 0x705a0000  Image Size: 0x00084000
File Size:  535088      File Time:  2015-10-30_081832
Version:
   Company:    Microsoft Corporation
   Product:    Microsoft® Windows® Operating System
   FileDesc:   DNS Client API DLL
   FileVer:    10.0.10586.0
   ProdVer:    10.0.10586.0

Module 34
C:\WINDOWS\system32\dwmapi.dll
Image Base: 0x71040000  Image Size: 0x0001d000
File Size:  94208       File Time:  2015-10-30_081830
Version:
   Company:    Microsoft Corporation
   Product:    Microsoft® Windows® Operating System
   FileDesc:   Microsoft Desktop Window Manager API
   FileVer:    10.0.10586.0
   ProdVer:    10.0.10586.0

Module 35
C:\WINDOWS\SYSTEM32\MSACM32.dll
Image Base: 0x71060000  Image Size: 0x00018000
File Size:  90912       File Time:  2015-10-30_081830
Version:
   Company:    Microsoft Corporation
   Product:    Microsoft® Windows® Operating System
   FileDesc:   Microsoft ACM Audio Filter
   FileVer:    10.0.10586.0
   ProdVer:    10.0.10586.0

Module 36
C:\WINDOWS\system32\uxtheme.dll
Image Base: 0x71320000  Image Size: 0x00075000
File Size:  458752      File Time:  2015-10-30_081838
Version:
   Company:    Microsoft Corporation
   Product:    Microsoft® Windows® Operating System
   FileDesc:   Microsoft UxTheme Library
   FileVer:    10.0.10586.0
   ProdVer:    10.0.10586.0

Module 37
C:\WINDOWS\SYSTEM32\ntmarta.dll
Image Base: 0x713a0000  Image Size: 0x00028000
File Size:  150840      File Time:  2015-10-30_081828
Version:
   Company:    Microsoft Corporation
   Product:    Microsoft® Windows® Operating System
   FileDesc:   Windows NT MARTA provider
   FileVer:    10.0.10586.0
   ProdVer:    10.0.10586.0

Module 38
C:\WINDOWS\SYSTEM32\MSWSOCK.dll
Image Base: 0x73730000  Image Size: 0x0004f000
File Size:  312160      File Time:  2015-10-30_081832
Version:
   Company:    Microsoft Corporation
   Product:    Microsoft® Windows® Operating System
   FileDesc:   Microsoft Windows Sockets 2.0 Service Provider
   FileVer:    10.0.10586.0
   ProdVer:    10.0.10586.0

Module 39
C:\WINDOWS\SYSTEM32\WINHTTP.dll
Image Base: 0x73780000  Image Size: 0x0009b000
File Size:  613888      File Time:  2016-01-16_062414
Version:
   Company:    Microsoft Corporation
   Product:    Microsoft® Windows® Operating System
   FileDesc:   Windows HTTP Services
   FileVer:    10.0.10586.71
   ProdVer:    10.0.10586.71

Module 40
C:\WINDOWS\SYSTEM32\bcrypt.dll
Image Base: 0x73850000  Image Size: 0x0001b000
File Size:  107408      File Time:  2015-10-30_081828
Version:
   Company:    Microsoft Corporation
   Product:    Microsoft® Windows® Operating System
   FileDesc:   Windows Cryptographic Primitives Library
   FileVer:    10.0.10586.0
   ProdVer:    10.0.10586.0

Module 41
C:\WINDOWS\SYSTEM32\WINMMBASE.dll
Image Base: 0x738e0000  Image Size: 0x00023000
File Size:  132744      File Time:  2015-10-30_081830
Version:
   Company:    Microsoft Corporation
   Product:    Microsoft® Windows® Operating System
   FileDesc:   Base Multimedia Extension API DLL
   FileVer:    10.0.10586.0
   ProdVer:    10.0.10586.0

Module 42
C:\WINDOWS\SYSTEM32\IPHLPAPI.DLL
Image Base: 0x73940000  Image Size: 0x0002f000
File Size:  187488      File Time:  2015-10-30_081832
Version:
   Company:    Microsoft Corporation
   Product:    Microsoft® Windows® Operating System
   FileDesc:   IP Helper API
   FileVer:    10.0.10586.0
   ProdVer:    10.0.10586.0

Module 43
C:\WINDOWS\SYSTEM32\dbghelp.dll
Image Base: 0x73970000  Image Size: 0x0013f000
File Size:  1196544     File Time:  2015-10-30_081840
Version:
   Company:    Microsoft Corporation
   Product:    Microsoft® Windows® Operating System
   FileDesc:   Windows Image Helper
   FileVer:    10.0.10586.0
   ProdVer:    10.0.10586.0

Module 44
C:\WINDOWS\SYSTEM32\WINMM.dll
Image Base: 0x73ab0000  Image Size: 0x00024000
File Size:  134352      File Time:  2015-10-30_081830
Version:
   Company:    Microsoft Corporation
   Product:    Microsoft® Windows® Operating System
   FileDesc:   MCI API DLL
   FileVer:    10.0.10586.0
   ProdVer:    10.0.10586.0

Module 45
C:\WINDOWS\SYSTEM32\VERSION.dll
Image Base: 0x73f50000  Image Size: 0x00008000
File Size:  27360       File Time:  2015-10-30_081838
Version:
   Company:    Microsoft Corporation
   Product:    Microsoft® Windows® Operating System
   FileDesc:   Version Checking and File Installation Libraries
   FileVer:    10.0.10586.0
   ProdVer:    10.0.10586.0

Module 46
C:\WINDOWS\SYSTEM32\DEVOBJ.dll
Image Base: 0x74130000  Image Size: 0x00022000
File Size:  129160      File Time:  2015-10-30_081824
Version:
   Company:    Microsoft Corporation
   Product:    Microsoft® Windows® Operating System
   FileDesc:   Device Information Set DLL
   FileVer:    10.0.10586.0
   ProdVer:    10.0.10586.0

Module 47
C:\WINDOWS\SYSTEM32\CRYPTBASE.dll
Image Base: 0x741e0000  Image Size: 0x0000a000
File Size:  31528       File Time:  2015-10-30_081832
Version:
   Company:    Microsoft Corporation
   Product:    Microsoft® Windows® Operating System
   FileDesc:   Base cryptographic API DLL
   FileVer:    10.0.10586.0
   ProdVer:    10.0.10586.0

Module 48
C:\WINDOWS\SYSTEM32\SspiCli.dll
Image Base: 0x741f0000  Image Size: 0x0001e000
File Size:  116216      File Time:  2015-10-30_081832
Version:
   Company:    Microsoft Corporation
   Product:    Microsoft® Windows® Operating System
   FileDesc:   Security Support Provider Interface
   FileVer:    10.0.10586.0
   ProdVer:    10.0.10586.0

Module 49
C:\WINDOWS\SYSTEM32\MSCTF.dll
Image Base: 0x74210000  Image Size: 0x0011f000
File Size:  1174008     File Time:  2016-01-16_070808
Version:
   Company:    Microsoft Corporation
   Product:    Microsoft® Windows® Operating System
   FileDesc:   MSCTF Server DLL
   FileVer:    10.0.10586.71
   ProdVer:    10.0.10586.71

Module 50
C:\WINDOWS\SYSTEM32\WS2_32.dll
Image Base: 0x74390000  Image Size: 0x0005f000
File Size:  388896      File Time:  2015-10-30_081832
Version:
   Company:    Microsoft Corporation
   Product:    Microsoft® Windows® Operating System
   FileDesc:   Windows Socket 2.0 32-Bit DLL
   FileVer:    10.0.10586.0
   ProdVer:    10.0.10586.0

Module 51
C:\WINDOWS\SYSTEM32\OLEAUT32.dll
Image Base: 0x743f0000  Image Size: 0x00092000
File Size:  589856      File Time:  2015-10-30_081832
Version:
   Company:    Microsoft Corporation
   Product:    
   FileDesc:   
   FileVer:    10.0.10586.0
   ProdVer:    10.0.10586.0

Module 52
C:\WINDOWS\SYSTEM32\CRYPT32.dll
Image Base: 0x74490000  Image Size: 0x00178000
File Size:  1535024     File Time:  2015-10-30_081828
Version:
   Company:    Microsoft Corporation
   Product:    Microsoft® Windows® Operating System
   FileDesc:   Crypto API32
   FileVer:    10.0.10586.0
   ProdVer:    10.0.10586.0

Module 53
C:\WINDOWS\SYSTEM32\KERNELBASE.dll
Image Base: 0x74610000  Image Size: 0x0017e000
File Size:  1557776     File Time:  2016-01-27_071508
Version:
   Company:    Microsoft Corporation
   Product:    Microsoft® Windows® Operating System
   FileDesc:   Windows NT BASE API Client DLL
   FileVer:    10.0.10586.103
   ProdVer:    10.0.10586.103

Module 54
C:\WINDOWS\SYSTEM32\bcryptPrimitives.dll
Image Base: 0x74790000  Image Size: 0x00058000
File Size:  360480      File Time:  2015-10-30_081804
Version:
   Company:    Microsoft Corporation
   Product:    Microsoft® Windows® Operating System
   FileDesc:   Windows Cryptographic Primitives Library
   FileVer:    10.0.10586.0
   ProdVer:    10.0.10586.0

Module 55
C:\WINDOWS\SYSTEM32\shcore.dll
Image Base: 0x747f0000  Image Size: 0x0008d000
File Size:  569744      File Time:  2015-10-30_081838
Version:
   Company:    Microsoft Corporation
   Product:    Microsoft® Windows® Operating System
   FileDesc:   SHCORE
   FileVer:    10.0.10586.0
   ProdVer:    10.0.10586.0

Module 56
C:\WINDOWS\SYSTEM32\powrprof.dll
Image Base: 0x74880000  Image Size: 0x00044000
File Size:  270672      File Time:  2015-10-30_081826
Version:
   Company:    Microsoft Corporation
   Product:    Microsoft® Windows® Operating System
   FileDesc:   Power Profile Helper DLL
   FileVer:    10.0.10586.0
   ProdVer:    10.0.10586.0

Module 57
C:\WINDOWS\SYSTEM32\profapi.dll
Image Base: 0x748d0000  Image Size: 0x0000f000
File Size:  54752       File Time:  2015-10-30_081832
Version:
   Company:    Microsoft Corporation
   Product:    Microsoft® Windows® Operating System
   FileDesc:   User Profile Basic API
   FileVer:    10.0.10586.0
   ProdVer:    10.0.10586.0

Module 58
C:\WINDOWS\SYSTEM32\USER32.dll
Image Base: 0x748e0000  Image Size: 0x00147000
File Size:  1337240     File Time:  2015-11-24_102636
Version:
   Company:    Microsoft Corporation
   Product:    Microsoft® Windows® Operating System
   FileDesc:   Multi-User Windows USER API Client DLL
   FileVer:    10.0.10586.20
   ProdVer:    10.0.10586.20

Module 59
C:\WINDOWS\SYSTEM32\SHLWAPI.dll
Image Base: 0x74a30000  Image Size: 0x00045000
File Size:  276336      File Time:  2015-10-30_081838
Version:
   Company:    Microsoft Corporation
   Product:    Microsoft® Windows® Operating System
   FileDesc:   Shell Light-weight Utility Library
   FileVer:    10.0.10586.0
   ProdVer:    10.0.10586.0

Module 60
C:\WINDOWS\SYSTEM32\kernel.appcore.dll
Image Base: 0x74ae0000  Image Size: 0x0000c000
File Size:  39792       File Time:  2015-10-30_081824
Version:
   Company:    Microsoft Corporation
   Product:    Microsoft® Windows® Operating System
   FileDesc:   AppModel API Host
   FileVer:    10.0.10586.0
   ProdVer:    10.0.10586.0

Module 61
C:\WINDOWS\SYSTEM32\IMM32.dll
Image Base: 0x74b10000  Image Size: 0x0002b000
File Size:  169928      File Time:  2015-10-30_081830
Version:
   Company:    Microsoft Corporation
   Product:    Microsoft® Windows® Operating System
   FileDesc:   Multi-User Windows IMM32 API Client DLL
   FileVer:    10.0.10586.0
   ProdVer:    10.0.10586.0

Module 62
C:\WINDOWS\SYSTEM32\ADVAPI32.dll
Image Base: 0x74b40000  Image Size: 0x0007b000
File Size:  499432      File Time:  2016-01-05_034824
Version:
   Company:    Microsoft Corporation
   Product:    Microsoft® Windows® Operating System
   FileDesc:   Advanced Windows 32 Base API
   FileVer:    10.0.10586.63
   ProdVer:    10.0.10586.63

Module 63
C:\WINDOWS\SYSTEM32\windows.storage.dll
Image Base: 0x74bc0000  Image Size: 0x004fa000
File Size:  5241984     File Time:  2016-02-23_102652
Version:
   Company:    Microsoft Corporation
   Product:    Microsoft® Windows® Operating System
   FileDesc:   Microsoft WinRT Storage API
   FileVer:    10.0.10586.122
   ProdVer:    10.0.10586.122

Module 64
C:\WINDOWS\SYSTEM32\WINTRUST.dll
Image Base: 0x752d0000  Image Size: 0x00042000
File Size:  268040      File Time:  2015-10-30_081828
Version:
   Company:    Microsoft Corporation
   Product:    Microsoft® Windows® Operating System
   FileDesc:   Microsoft Trust Verification APIs
   FileVer:    10.0.10586.0
   ProdVer:    10.0.10586.0

Module 65
C:\WINDOWS\SYSTEM32\ole32.dll
Image Base: 0x75320000  Image Size: 0x000eb000
File Size:  957608      File Time:  2015-10-30_081826
Version:
   Company:    Microsoft Corporation
   Product:    Microsoft® Windows® Operating System
   FileDesc:   Microsoft OLE for Windows
   FileVer:    10.0.10586.0
   ProdVer:    10.0.10586.0

Module 66
C:\WINDOWS\SYSTEM32\NSI.dll
Image Base: 0x75410000  Image Size: 0x00007000
File Size:  20152       File Time:  2015-10-30_081804
Version:
   Company:    Microsoft Corporation
   Product:    Microsoft® Windows® Operating System
   FileDesc:   NSI User-mode interface DLL
   FileVer:    10.0.10586.0
   ProdVer:    10.0.10586.0

Module 67
C:\WINDOWS\SYSTEM32\sechost.dll
Image Base: 0x75420000  Image Size: 0x00044000
File Size:  269616      File Time:  2015-10-30_081832
Version:
   Company:    Microsoft Corporation
   Product:    Microsoft® Windows® Operating System
   FileDesc:   Host for SCM/SDDL/LSA Lookup APIs
   FileVer:    10.0.10586.0
   ProdVer:    10.0.10586.0

Module 68
C:\WINDOWS\SYSTEM32\cfgmgr32.dll
Image Base: 0x75570000  Image Size: 0x00037000
File Size:  217976      File Time:  2015-10-30_081824
Version:
   Company:    Microsoft Corporation
   Product:    Microsoft® Windows® Operating System
   FileDesc:   Configuration Manager DLL
   FileVer:    10.0.10586.0
   ProdVer:    10.0.10586.0

Module 69
C:\WINDOWS\SYSTEM32\RPCRT4.dll
Image Base: 0x755b0000  Image Size: 0x000ad000
File Size:  707600      File Time:  2015-10-30_081832
Version:
   Company:    Microsoft Corporation
   Product:    Microsoft® Windows® Operating System
   FileDesc:   Remote Procedure Call Runtime
   FileVer:    10.0.10586.0
   ProdVer:    10.0.10586.0

Module 70
C:\WINDOWS\SYSTEM32\GDI32.dll
Image Base: 0x75660000  Image Size: 0x0014f000
File Size:  1371792     File Time:  2016-01-05_032128
Version:
   Company:    Microsoft Corporation
   Product:    Microsoft® Windows® Operating System
   FileDesc:   GDI Client DLL
   FileVer:    10.0.10586.63
   ProdVer:    10.0.10586.63

Module 71
C:\WINDOWS\SYSTEM32\msvcrt.dll
Image Base: 0x757b0000  Image Size: 0x000be000
File Size:  773168      File Time:  2015-10-30_081832
Version:
   Company:    Microsoft Corporation
   Product:    Microsoft® Windows® Operating System
   FileDesc:   Windows NT CRT DLL
   FileVer:    7.0.10586.0
   ProdVer:    10.0.10586.0

Module 72
C:\WINDOWS\SYSTEM32\combase.dll
Image Base: 0x75870000  Image Size: 0x001bd000
File Size:  1824264     File Time:  2016-01-27_065736
Version:
   Company:    Microsoft Corporation
   Product:    Microsoft® Windows® Operating System
   FileDesc:   Microsoft COM for Windows
   FileVer:    10.0.10586.103
   ProdVer:    10.0.10586.103

Module 73
C:\WINDOWS\SYSTEM32\SHELL32.dll
Image Base: 0x75a30000  Image Size: 0x013fe000
File Size:  21124344    File Time:  2016-02-23_102716
Version:
   Company:    Microsoft Corporation
   Product:    Microsoft® Windows® Operating System
   FileDesc:   Windows Shell Common Dll
   FileVer:    10.0.10586.122
   ProdVer:    10.0.10586.122

Module 74
C:\WINDOWS\SYSTEM32\clbcatq.dll
Image Base: 0x76e90000  Image Size: 0x00084000
File Size:  526304      File Time:  2015-10-30_081826
Version:
   Company:    Microsoft Corporation
   Product:    Microsoft® Windows® Operating System
   FileDesc:   COM+ Configuration Catalog
   FileVer:    2001.12.10941.16384
   ProdVer:    10.0.10586.0

Module 75
C:\WINDOWS\SYSTEM32\MSASN1.dll
Image Base: 0x76f80000  Image Size: 0x0000e000
File Size:  49592       File Time:  2015-10-30_081828
Version:
   Company:    Microsoft Corporation
   Product:    Microsoft® Windows® Operating System
   FileDesc:   ASN.1 Runtime APIs
   FileVer:    10.0.10586.0
   ProdVer:    10.0.10586.0

Module 76
C:\WINDOWS\SYSTEM32\PSAPI.DLL
Image Base: 0x76f90000  Image Size: 0x00006000
File Size:  17048       File Time:  2015-10-30_081824
Version:
   Company:    Microsoft Corporation
   Product:    Microsoft® Windows® Operating System
   FileDesc:   Process Status Helper
   FileVer:    10.0.10586.0
   ProdVer:    10.0.10586.0

Module 77
C:\WINDOWS\SYSTEM32\KERNEL32.DLL
Image Base: 0x76fc0000  Image Size: 0x000e0000
File Size:  620176      File Time:  2015-10-30_081824
Version:
   Company:    Microsoft Corporation
   Product:    Microsoft® Windows® Operating System
   FileDesc:   Windows NT BASE API Client DLL
   FileVer:    10.0.10586.0
   ProdVer:    10.0.10586.0

Module 78
C:\WINDOWS\SYSTEM32\SETUPAPI.dll
Image Base: 0x770b0000  Image Size: 0x0040b000
File Size:  4268360     File Time:  2015-10-30_081824
Version:
   Company:    Microsoft Corporation
   Product:    Microsoft® Windows® Operating System
   FileDesc:   Windows Setup API
   FileVer:    10.0.10586.0
   ProdVer:    10.0.10586.0

Module 79
C:\WINDOWS\SYSTEM32\ntdll.dll
Image Base: 0x774c0000  Image Size: 0x0017b000
File Size:  1542816     File Time:  2016-02-23_113434
Version:
   Company:    Microsoft Corporation
   Product:    Microsoft® Windows® Operating System
   FileDesc:   NT Layer DLL
   FileVer:    10.0.10586.122
   ProdVer:    10.0.10586.122

Module 80
C:\WINDOWS\SYSTEM32\Xinput9_1_0.dll
Image Base: 0x77640000  Image Size: 0x00007000
File Size:  9216        File Time:  2015-10-30_081840
Version:
   Company:    Microsoft Corporation
   Product:    Microsoft® Windows® Operating System
   FileDesc:   XNA Common Controller
   FileVer:    10.0.10586.0
   ProdVer:    10.0.10586.0


== [end of error.log] ==
